<?xml version="1.0" encoding="UTF-8"?>
<!-- Generated by org.testng.reporters.JUnitReportReporter -->
<testsuite skipped="0" hostname="IN1252698W1" name="org.leaftaps.testcases.TC001_LoginLogout" tests="2" failures="0" timestamp="2020-03-31T00:49:20 IST" time="21.180" errors="0">
  <testcase name="loginLogOut" time="9.777" classname="org.leaftaps.testcases.TC001_LoginLogout"/>
  <testcase name="loginLogOut" time="11.403" classname="org.leaftaps.testcases.TC001_LoginLogout"/>
</testsuite> <!-- org.leaftaps.testcases.TC001_LoginLogout -->
